#
# A fatal error has been detected by the Java Runtime Environment:
#
#  SIGSEGV (0xb) at pc=0x00007fff8e94d0dd, pid=22459, tid=1811
#
# JRE version: Java(TM) SE Runtime Environment (8.0_60-b27) (build 1.8.0_60-b27)
# Java VM: Java HotSpot(TM) 64-Bit Server VM (25.60-b23 mixed mode bsd-amd64 compressed oops)
# Problematic frame:
# C  [libobjc.A.dylib+0x10dd]  objc_msgSend+0x1d
#
# Failed to write core dump. Core dumps have been disabled. To enable core dumping, try "ulimit -c unlimited" before starting Java again
#
# If you would like to submit a bug report, please visit:
#   http://bugreport.java.com/bugreport/crash.jsp
# The crash happened outside the Java Virtual Machine in native code.
# See problematic frame for where to report the bug.
#

---------------  T H R E A D  ---------------

Current thread (0x00007f92028dd000):  JavaThread "AppKit Thread" daemon [_thread_in_native, id=1811, stack(0x00007fff5a30b000,0x00007fff5ab0b000)]

siginfo: si_signo: 11 (SIGSEGV), si_code: 1 (SEGV_MAPERR), si_addr: 0x00000000beb00018

Registers:
RAX=0x00007f9201ca5e90, RBX=0x00007fff5ab05438, RCX=0x0000000000000000, RDX=0x00007f9201eaf1d0
RSP=0x00007fff5ab05258, RBP=0x00007fff5ab05260, RSI=0x00007fff900c441e, RDI=0x00007f9201ca5e90
R8 =0x00007fff5ab05240, R9 =0x0000000000000055, R10=0x00007fff900c441e, R11=0x00000000beb00000
R12=0x00007f9201c263e0, R13=0x00000000000f42eb, R14=0x00007f9201e888a0, R15=0x00007fff5ab05398
RIP=0x00007fff8e94d0dd, EFLAGS=0x0000000000010206, ERR=0x0000000000000004
  TRAPNO=0x000000000000000e

Top of Stack: (sp=0x00007fff5ab05258)
0x00007fff5ab05258:   00007fff8d9ba45c 00007fff5ab055c0
0x00007fff5ab05268:   00007fff8d8aa634 00007fff5ab052ec
0x00007fff5ab05278:   00007fff5ab052f0 00007fff5ab052f4
0x00007fff5ab05288:   00007fff79e77e00 ffffffffffffffff
0x00007fff5ab05298:   00000000000007f8 00007fff79e77e18
0x00007fff5ab052a8:   00007f9201e888a0 0000000000000000
0x00007fff5ab052b8:   00007fff5ab05390 0000000000000000
0x00007fff5ab052c8:   00007f9201e87e90 00007fff5ab05410
0x00007fff5ab052d8:   0000000000000055 00000000000f42ed
0x00007fff5ab052e8:   00007f9201eaf1d0 00007f9201e4dc40
0x00007fff5ab052f8:   00007f9201c263e0 0000000000000001
0x00007fff5ab05308:   00000000000f42eb 00007f9201c263d0
0x00007fff5ab05318:   00007fff8de10c05 000000017b444070
0x00007fff5ab05328:   00007fff79aa30d0 0000000042000000
0x00007fff5ab05338:   00007fff8de17e63 00007fff79e42240
0x00007fff5ab05348:   00007fff5ab05418 00007fff5ab05370
0x00007fff5ab05358:   00007fff5ab05390 0000000000000000
0x00007fff5ab05368:   000000000000000e 000344038e96d97a
0x00007fff5ab05378:   00007f9201c26404 0000000000000000
0x00007fff5ab05388:   0000000000000000 00007f9201e87f10
0x00007fff5ab05398:   00007f9201e888a0 0000002000000000
0x00007fff5ab053a8:   0000000000000000 00007fff79aa30d0
0x00007fff5ab053b8:   0000000042000000 00007fff8de174f8
0x00007fff5ab053c8:   00007fff79e42350 00007fff5ab05328
0x00007fff5ab053d8:   0000000000000000 00007fff5ab054a8
0x00007fff5ab053e8:   00007fff7a19dea0 00007fff5ab054e0
0x00007fff5ab053f8:   00007fff8f3c2770 00007fff5ab05490
0x00007fff5ab05408:   00007fff8f7f84ed 0000000000000051
0x00007fff5ab05418:   0000000000000000 00000000000f42e2
0x00007fff5ab05428:   0000000000000053 0000000000000000
0x00007fff5ab05438:   00000000000f42eb 00007fff5ab054b4
0x00007fff5ab05448:   00000000003e3101 00000000ffffffff 

Instructions: (pc=0x00007fff8e94d0dd)
0x00007fff8e94d0bd:   00 00 00 48 85 ff 2e 74 7a 40 f6 c7 01 2e 75 7e
0x00007fff8e94d0cd:   49 bb f8 ff ff ff ff 7f 00 00 4c 23 1f 49 89 f2
0x00007fff8e94d0dd:   45 23 53 18 49 c1 e2 04 4d 03 53 10 49 3b 32 75
0x00007fff8e94d0ed:   04 41 ff 62 08 49 83 3a 00 74 6a 4d 3b 53 10 74 

Register to memory mapping:

RAX=0x00007f9201ca5e90 is an unknown value
RBX=0x00007fff5ab05438 is pointing into the stack for thread: 0x00007f92028dd000
RCX=0x0000000000000000 is an unknown value
RDX=0x00007f9201eaf1d0 is an unknown value
RSP=0x00007fff5ab05258 is pointing into the stack for thread: 0x00007f92028dd000
RBP=0x00007fff5ab05260 is pointing into the stack for thread: 0x00007f92028dd000
RSI=0x00007fff900c441e: -[NSTitlebarContainerView transparent]+0x5e312 in /System/Library/Frameworks/AppKit.framework/Versions/C/AppKit at 0x00007fff8f6c3000
RDI=0x00007f9201ca5e90 is an unknown value
R8 =0x00007fff5ab05240 is pointing into the stack for thread: 0x00007f92028dd000
R9 =0x0000000000000055 is an unknown value
R10=0x00007fff900c441e: -[NSTitlebarContainerView transparent]+0x5e312 in /System/Library/Frameworks/AppKit.framework/Versions/C/AppKit at 0x00007fff8f6c3000
R11=0x00000000beb00000 is an unknown value
R12=0x00007f9201c263e0 is an unknown value
R13=0x00000000000f42eb is an unknown value
R14=0x00007f9201e888a0 is an unknown value
R15=0x00007fff5ab05398 is pointing into the stack for thread: 0x00007f92028dd000


Stack: [0x00007fff5a30b000,0x00007fff5ab0b000],  sp=0x00007fff5ab05258,  free space=8168k
Native frames: (J=compiled Java code, j=interpreted, Vv=VM code, C=native code)
C  [libobjc.A.dylib+0x10dd]  objc_msgSend+0x1d
C  [CoreFoundation+0x10634]  _CFXNotificationPost+0xc44
C  [Foundation+0x7aa1]  -[NSNotificationCenter postNotificationName:object:userInfo:]+0x42
C  [AppKit+0x439c2]  -[NSSurface _disposeSurface]+0x98
C  [AppKit+0x43426]  -[NSSurface setWindow:]+0x42
C  [AppKit+0x33910]  -[NSView _setWindow:]+0xa33
C  [AppKit+0x6af91]  -[NSView removeFromSuperview]+0x1c5
C  [AppKit+0x14bd99]  -[NSView removeFromSuperviewWithoutNeedingDisplay]+0x26
C  [liblwjgl.dylib+0xa205]  +[MacOSXKeyableWindow destroyWindow]+0xb5
C  [Foundation+0x92dd0]  __NSThreadPerformPerform+0x125
C  [CoreFoundation+0x80a01]  __CFRUNLOOP_IS_CALLING_OUT_TO_A_SOURCE0_PERFORM_FUNCTION__+0x11
C  [CoreFoundation+0x72b8d]  __CFRunLoopDoSources0+0x10d
C  [CoreFoundation+0x721bf]  __CFRunLoopRun+0x39f
C  [CoreFoundation+0x71bd8]  CFRunLoopRunSpecific+0x128
C  [HIToolbox+0x3256f]  RunCurrentEventLoopInMode+0xeb
C  [HIToolbox+0x321ee]  ReceiveNextEventCommon+0xb3
C  [HIToolbox+0x3212b]  _BlockUntilNextEventMatchingListInModeWithFilter+0x47
C  [AppKit+0x918ab]  _DPSNextEvent+0x3d2
C  [AppKit+0x90e58]  -[NSApplication nextEventMatchingMask:untilDate:inMode:dequeue:]+0x15a
C  [libosxapp.dylib+0x23aa]  -[NSApplicationAWT nextEventMatchingMask:untilDate:inMode:dequeue:]+0x7c
C  [AppKit+0x86af3]  -[NSApplication run]+0x252
C  [libosxapp.dylib+0x214d]  +[NSApplicationAWT runAWTLoopWithApp:]+0x9c
C  [libawt_lwawt.dylib+0x44517]  -[AWTStarter starter:]+0x389
C  [Foundation+0x92dd0]  __NSThreadPerformPerform+0x125
C  [CoreFoundation+0x80a01]  __CFRUNLOOP_IS_CALLING_OUT_TO_A_SOURCE0_PERFORM_FUNCTION__+0x11
C  [CoreFoundation+0x72b8d]  __CFRunLoopDoSources0+0x10d
C  [CoreFoundation+0x721bf]  __CFRunLoopRun+0x39f
C  [CoreFoundation+0x71bd8]  CFRunLoopRunSpecific+0x128
C  [java+0x6463]  CreateExecutionEnvironment+0x367
C  [java+0x21ac]  JLI_Launch+0x7a0
C  [java+0x84c0]  main+0x65
C  [java+0x1a04]  start+0x34
C  0x0000000000000008


---------------  P R O C E S S  ---------------

Java Threads: ( => current thread )
  0x00007f92022ff800 JavaThread "AWT-Shutdown" [_thread_blocked, id=12327, stack(0x000000011cc2c000,0x000000011cd2c000)]
  0x00007f920223f800 JavaThread "DestroyJavaVM" [_thread_blocked, id=4867, stack(0x000000010699d000,0x0000000106a9d000)]
  0x00007f920223c800 JavaThread "LWJGL Application" [_thread_in_native, id=66063, stack(0x000000012343b000,0x000000012353b000)]
=>0x00007f92028dd000 JavaThread "AppKit Thread" daemon [_thread_in_native, id=1811, stack(0x00007fff5a30b000,0x00007fff5ab0b000)]
  0x00007f9202039800 JavaThread "Monitor Ctrl-Break" daemon [_thread_in_native, id=19203, stack(0x000000011ebfd000,0x000000011ecfd000)]
  0x00007f9202009800 JavaThread "Service Thread" daemon [_thread_blocked, id=18179, stack(0x000000011e890000,0x000000011e990000)]
  0x00007f920380c000 JavaThread "C1 CompilerThread2" daemon [_thread_blocked, id=17667, stack(0x000000011e78d000,0x000000011e88d000)]
  0x00007f9202031000 JavaThread "C2 CompilerThread1" daemon [_thread_blocked, id=17155, stack(0x000000011e68a000,0x000000011e78a000)]
  0x00007f920281c800 JavaThread "C2 CompilerThread0" daemon [_thread_blocked, id=16643, stack(0x000000011e587000,0x000000011e687000)]
  0x00007f920281c000 JavaThread "Signal Dispatcher" daemon [_thread_blocked, id=12563, stack(0x000000011e484000,0x000000011e584000)]
  0x00007f9202819000 JavaThread "Finalizer" daemon [_thread_blocked, id=11523, stack(0x000000011ca68000,0x000000011cb68000)]
  0x00007f9202818800 JavaThread "Reference Handler" daemon [_thread_blocked, id=11011, stack(0x000000011c965000,0x000000011ca65000)]

Other Threads:
  0x00007f9203804000 VMThread [stack: 0x000000011c862000,0x000000011c962000] [id=10499]
  0x00007f9202074800 WatcherThread [stack: 0x000000011e993000,0x000000011ea93000] [id=18691]

VM state:not at safepoint (normal execution)

VM Mutex/Monitor currently owned by a thread: None

Heap:
 PSYoungGen      total 38400K, used 24147K [0x0000000795580000, 0x0000000798000000, 0x00000007c0000000)
  eden space 33280K, 72% used [0x0000000795580000,0x0000000796d14ea8,0x0000000797600000)
  from space 5120K, 0% used [0x0000000797b00000,0x0000000797b00000,0x0000000798000000)
  to   space 5120K, 0% used [0x0000000797600000,0x0000000797600000,0x0000000797b00000)
 ParOldGen       total 87552K, used 0K [0x0000000740000000, 0x0000000745580000, 0x0000000795580000)
  object space 87552K, 0% used [0x0000000740000000,0x0000000740000000,0x0000000745580000)
 Metaspace       used 8744K, capacity 8937K, committed 9216K, reserved 1056768K
  class space    used 864K, capacity 921K, committed 1024K, reserved 1048576K

Card table byte_map: [0x0000000115eb3000,0x00000001162b4000] byte_map_base: 0x00000001124b3000

Marking Bits: (ParMarkBitMap*) 0x00000001062f1e20
 Begin Bits: [0x000000011696b000, 0x000000011896b000)
 End Bits:   [0x000000011896b000, 0x000000011a96b000)

Polling page: 0x00000001051f8000

CodeCache: size=245760Kb used=3649Kb max_used=3661Kb free=242110Kb
 bounds [0x0000000106af3000, 0x0000000106e93000, 0x0000000115af3000]
 total_blobs=1471 nmethods=1005 adapters=380
 compilation: enabled

Compilation events (10 events):
Event: 37.286 Thread 0x00007f920380c000 1001       3       java.nio.HeapByteBuffer::get (14 bytes)
Event: 37.287 Thread 0x00007f920380c000 nmethod 1001 0x0000000106e78f90 code [0x0000000106e79120, 0x0000000106e794c8]
Event: 37.303 Thread 0x00007f920380c000 1002       3       java.nio.Bits::makeInt (29 bytes)
Event: 37.303 Thread 0x00007f920380c000 nmethod 1002 0x0000000106e853d0 code [0x0000000106e85520, 0x0000000106e85670]
Event: 37.770 Thread 0x00007f920380c000 1003       1       com.badlogic.gdx.utils.viewport.Viewport::getScreenWidth (5 bytes)
Event: 37.770 Thread 0x00007f920380c000 nmethod 1003 0x0000000106e78cd0 code [0x0000000106e78e20, 0x0000000106e78f30]
Event: 37.770 Thread 0x00007f920380c000 1004       1       com.badlogic.gdx.utils.viewport.Viewport::getScreenHeight (5 bytes)
Event: 37.770 Thread 0x00007f920380c000 nmethod 1004 0x0000000106e78a10 code [0x0000000106e78b60, 0x0000000106e78c70]
Event: 38.346 Thread 0x00007f920281c800 1005       4       java.nio.DirectByteBuffer::put (18 bytes)
Event: 38.347 Thread 0x00007f920281c800 nmethod 1005 0x0000000106e771d0 code [0x0000000106e77320, 0x0000000106e773d8]

GC Heap History (0 events):
No events

Deoptimization events (5 events):
Event: 0.643 Thread 0x00007f9202809800 Uncommon trap: reason=unstable_if action=reinterpret pc=0x0000000106c5a8e0 method=java.lang.String.indexOf([CII[CIII)I @ 134
Event: 0.674 Thread 0x00007f9202809800 Uncommon trap: reason=unstable_if action=reinterpret pc=0x0000000106c45388 method=java.lang.String.indexOf([CII[CIII)I @ 134
Event: 28.680 Thread 0x00007f920223c800 Uncommon trap: reason=array_check action=maybe_recompile pc=0x0000000106e685b4 method=com.badlogic.gdx.utils.Array.add(Ljava/lang/Object;)V @ 46
Event: 31.299 Thread 0x00007f920223c800 Uncommon trap: reason=array_check action=maybe_recompile pc=0x0000000106e685b4 method=com.badlogic.gdx.utils.Array.add(Ljava/lang/Object;)V @ 46
Event: 33.885 Thread 0x00007f920223c800 Uncommon trap: reason=array_check action=maybe_recompile pc=0x0000000106e685b4 method=com.badlogic.gdx.utils.Array.add(Ljava/lang/Object;)V @ 46

Internal exceptions (10 events):
Event: 0.933 Thread 0x00007f9202809800 Exception <a 'java/lang/NoSuchFieldError': method resolution failed> (0x0000000795c34cf0) thrown at [/Users/java_re/workspace/8-2-build-macosx-x86_64/jdk8u60/4407/hotspot/src/share/vm/prims/methodHandles.cpp, line 1146]
Event: 0.939 Thread 0x00007f9202809800 Exception <a 'java/lang/NoSuchFieldError': method resolution failed> (0x0000000795c42440) thrown at [/Users/java_re/workspace/8-2-build-macosx-x86_64/jdk8u60/4407/hotspot/src/share/vm/prims/methodHandles.cpp, line 1146]
Event: 1.645 Thread 0x00007f9202809800 Exception <a 'java/io/FileNotFoundException'> (0x0000000795cbd660) thrown at [/Users/java_re/workspace/8-2-build-macosx-x86_64/jdk8u60/4407/hotspot/src/share/vm/prims/jni.cpp, line 709]
Event: 1.645 Thread 0x00007f9202809800 Exception <a 'java/io/FileNotFoundException'> (0x0000000795cbe1a8) thrown at [/Users/java_re/workspace/8-2-build-macosx-x86_64/jdk8u60/4407/hotspot/src/share/vm/prims/jni.cpp, line 709]
Event: 1.697 Thread 0x00007f9202809800 Exception <a 'java/security/PrivilegedActionException'> (0x0000000795cdd390) thrown at [/Users/java_re/workspace/8-2-build-macosx-x86_64/jdk8u60/4407/hotspot/src/share/vm/prims/jvm.cpp, line 1386]
Event: 1.697 Thread 0x00007f9202809800 Exception <a 'java/security/PrivilegedActionException'> (0x0000000795cdef78) thrown at [/Users/java_re/workspace/8-2-build-macosx-x86_64/jdk8u60/4407/hotspot/src/share/vm/prims/jvm.cpp, line 1386]
Event: 1.697 Thread 0x00007f9202809800 Exception <a 'java/security/PrivilegedActionException'> (0x0000000795ce0098) thrown at [/Users/java_re/workspace/8-2-build-macosx-x86_64/jdk8u60/4407/hotspot/src/share/vm/prims/jvm.cpp, line 1386]
Event: 1.700 Thread 0x00007f9202809800 Exception <a 'java/security/PrivilegedActionException'> (0x0000000795ce51b8) thrown at [/Users/java_re/workspace/8-2-build-macosx-x86_64/jdk8u60/4407/hotspot/src/share/vm/prims/jvm.cpp, line 1386]
Event: 1.701 Thread 0x00007f9202809800 Exception <a 'java/security/PrivilegedActionException'> (0x0000000795ce5e10) thrown at [/Users/java_re/workspace/8-2-build-macosx-x86_64/jdk8u60/4407/hotspot/src/share/vm/prims/jvm.cpp, line 1386]
Event: 1.702 Thread 0x00007f9202809800 Exception <a 'java/security/PrivilegedActionException'> (0x0000000795ce6a38) thrown at [/Users/java_re/workspace/8-2-build-macosx-x86_64/jdk8u60/4407/hotspot/src/share/vm/prims/jvm.cpp, line 1386]

Events (10 events):
Event: 34.310 Executing VM operation: RevokeBias
Event: 34.310 Executing VM operation: RevokeBias done
Event: 34.310 Thread 0x00007f9203039000 Thread exited: 0x00007f9203039000
Event: 35.242 Thread 0x00007f92022ff800 Thread added: 0x00007f92022ff800
Event: 36.186 loading class com/badlogic/gdx/math/MathUtils$Sin
Event: 36.186 loading class com/badlogic/gdx/math/MathUtils$Sin done
Event: 38.338 loading class com/badlogic/gdx/backends/lwjgl/LwjglApplication$2
Event: 38.338 loading class com/badlogic/gdx/backends/lwjgl/LwjglApplication$2 done
Event: 38.344 loading class org/lwjgl/opengl/CallbackUtil
Event: 38.344 loading class org/lwjgl/opengl/CallbackUtil done


Dynamic libraries:
0x0000000009171000 	/System/Library/Frameworks/Cocoa.framework/Versions/A/Cocoa
0x0000000009171000 	/System/Library/Frameworks/Security.framework/Versions/A/Security
0x0000000009171000 	/System/Library/Frameworks/ApplicationServices.framework/Versions/A/ApplicationServices
0x0000000009171000 	/usr/lib/libz.1.dylib
0x0000000009171000 	/usr/lib/libSystem.B.dylib
0x0000000009171000 	/usr/lib/libobjc.A.dylib
0x0000000009171000 	/System/Library/Frameworks/CoreFoundation.framework/Versions/A/CoreFoundation
0x0000000009171000 	/System/Library/Frameworks/Foundation.framework/Versions/C/Foundation
0x0000000009171000 	/System/Library/Frameworks/AppKit.framework/Versions/C/AppKit
0x0000000009171000 	/System/Library/Frameworks/CoreData.framework/Versions/A/CoreData
0x0000000009171000 	/System/Library/PrivateFrameworks/RemoteViewServices.framework/Versions/A/RemoteViewServices
0x0000000009171000 	/System/Library/PrivateFrameworks/UIFoundation.framework/Versions/A/UIFoundation
0x0000000009171000 	/System/Library/Frameworks/IOSurface.framework/Versions/A/IOSurface
0x0000000009171000 	/System/Library/Frameworks/AudioToolbox.framework/Versions/A/AudioToolbox
0x0000000009171000 	/System/Library/Frameworks/AudioUnit.framework/Versions/A/AudioUnit
0x0000000009171000 	/System/Library/PrivateFrameworks/DataDetectorsCore.framework/Versions/A/DataDetectorsCore
0x0000000009171000 	/System/Library/PrivateFrameworks/DesktopServicesPriv.framework/Versions/A/DesktopServicesPriv
0x0000000009171000 	/System/Library/Frameworks/Carbon.framework/Versions/A/Frameworks/HIToolbox.framework/Versions/A/HIToolbox
0x0000000009171000 	/System/Library/Frameworks/QuartzCore.framework/Versions/A/QuartzCore
0x0000000009171000 	/System/Library/Frameworks/Carbon.framework/Versions/A/Frameworks/SpeechRecognition.framework/Versions/A/SpeechRecognition
0x0000000009171000 	/usr/lib/libauto.dylib
0x0000000009171000 	/usr/lib/libicucore.A.dylib
0x0000000009171000 	/usr/lib/libxml2.2.dylib
0x0000000009171000 	/System/Library/PrivateFrameworks/CoreUI.framework/Versions/A/CoreUI
0x0000000009171000 	/System/Library/Frameworks/CoreAudio.framework/Versions/A/CoreAudio
0x0000000009171000 	/System/Library/Frameworks/DiskArbitration.framework/Versions/A/DiskArbitration
0x0000000009171000 	/usr/lib/liblangid.dylib
0x0000000009171000 	/System/Library/PrivateFrameworks/MultitouchSupport.framework/Versions/A/MultitouchSupport
0x0000000009171000 	/System/Library/Frameworks/IOKit.framework/Versions/A/IOKit
0x0000000009171000 	/usr/lib/libDiagnosticMessagesClient.dylib
0x0000000009171000 	/System/Library/Frameworks/CoreServices.framework/Versions/A/CoreServices
0x0000000009171000 	/System/Library/PrivateFrameworks/PerformanceAnalysis.framework/Versions/A/PerformanceAnalysis
0x0000000009171000 	/System/Library/PrivateFrameworks/GenerationalStorage.framework/Versions/A/GenerationalStorage
0x0000000009171000 	/System/Library/Frameworks/OpenGL.framework/Versions/A/OpenGL
0x0000000009171000 	/System/Library/PrivateFrameworks/Sharing.framework/Versions/A/Sharing
0x0000000009171000 	/System/Library/Frameworks/CoreGraphics.framework/Versions/A/CoreGraphics
0x0000000009171000 	/System/Library/Frameworks/CoreText.framework/Versions/A/CoreText
0x0000000009171000 	/System/Library/Frameworks/ImageIO.framework/Versions/A/ImageIO
0x0000000009171000 	/usr/lib/libextension.dylib
0x0000000009171000 	/System/Library/PrivateFrameworks/Backup.framework/Versions/A/Backup
0x0000000009171000 	/usr/lib/libarchive.2.dylib
0x0000000009171000 	/System/Library/Frameworks/CFNetwork.framework/Versions/A/CFNetwork
0x0000000009171000 	/System/Library/Frameworks/SystemConfiguration.framework/Versions/A/SystemConfiguration
0x0000000009171000 	/usr/lib/libCRFSuite.dylib
0x0000000009171000 	/usr/lib/libc++.1.dylib
0x0000000009171000 	/usr/lib/libc++abi.dylib
0x0000000009171000 	/usr/lib/system/libcache.dylib
0x0000000009171000 	/usr/lib/system/libcommonCrypto.dylib
0x0000000009171000 	/usr/lib/system/libcompiler_rt.dylib
0x0000000009171000 	/usr/lib/system/libcopyfile.dylib
0x0000000009171000 	/usr/lib/system/libcorecrypto.dylib
0x0000000009171000 	/usr/lib/system/libdispatch.dylib
0x0000000009171000 	/usr/lib/system/libdyld.dylib
0x0000000009171000 	/usr/lib/system/libkeymgr.dylib
0x0000000009171000 	/usr/lib/system/liblaunch.dylib
0x0000000009171000 	/usr/lib/system/libmacho.dylib
0x0000000009171000 	/usr/lib/system/libquarantine.dylib
0x0000000009171000 	/usr/lib/system/libremovefile.dylib
0x0000000009171000 	/usr/lib/system/libsystem_asl.dylib
0x0000000009171000 	/usr/lib/system/libsystem_blocks.dylib
0x0000000009171000 	/usr/lib/system/libsystem_c.dylib
0x0000000009171000 	/usr/lib/system/libsystem_configuration.dylib
0x0000000009171000 	/usr/lib/system/libsystem_coreservices.dylib
0x0000000009171000 	/usr/lib/system/libsystem_coretls.dylib
0x0000000009171000 	/usr/lib/system/libsystem_dnssd.dylib
0x0000000009171000 	/usr/lib/system/libsystem_info.dylib
0x0000000009171000 	/usr/lib/system/libsystem_kernel.dylib
0x0000000009171000 	/usr/lib/system/libsystem_m.dylib
0x0000000009171000 	/usr/lib/system/libsystem_malloc.dylib
0x0000000009171000 	/usr/lib/system/libsystem_network.dylib
0x0000000009171000 	/usr/lib/system/libsystem_networkextension.dylib
0x0000000009171000 	/usr/lib/system/libsystem_notify.dylib
0x0000000009171000 	/usr/lib/system/libsystem_platform.dylib
0x0000000009171000 	/usr/lib/system/libsystem_pthread.dylib
0x0000000009171000 	/usr/lib/system/libsystem_sandbox.dylib
0x0000000009171000 	/usr/lib/system/libsystem_secinit.dylib
0x0000000009171000 	/usr/lib/system/libsystem_stats.dylib
0x0000000009171000 	/usr/lib/system/libsystem_trace.dylib
0x0000000009171000 	/usr/lib/system/libunc.dylib
0x0000000009171000 	/usr/lib/system/libunwind.dylib
0x0000000009171000 	/usr/lib/system/libxpc.dylib
0x0000000009171000 	/usr/lib/libbz2.1.0.dylib
0x0000000009171000 	/usr/lib/liblzma.5.dylib
0x0000000009171000 	/usr/lib/libbsm.0.dylib
0x0000000009171000 	/usr/lib/libsqlite3.dylib
0x0000000009171000 	/usr/lib/system/libkxld.dylib
0x0000000009171000 	/usr/lib/libxar.1.dylib
0x0000000009171000 	/usr/lib/libpam.2.dylib
0x0000000009171000 	/usr/lib/libOpenScriptingUtil.dylib
0x0000000009171000 	/System/Library/Frameworks/CoreServices.framework/Versions/A/Frameworks/FSEvents.framework/Versions/A/FSEvents
0x0000000009171000 	/System/Library/Frameworks/CoreServices.framework/Versions/A/Frameworks/CarbonCore.framework/Versions/A/CarbonCore
0x0000000009171000 	/System/Library/Frameworks/CoreServices.framework/Versions/A/Frameworks/Metadata.framework/Versions/A/Metadata
0x0000000009171000 	/System/Library/Frameworks/CoreServices.framework/Versions/A/Frameworks/OSServices.framework/Versions/A/OSServices
0x0000000009171000 	/System/Library/Frameworks/CoreServices.framework/Versions/A/Frameworks/SearchKit.framework/Versions/A/SearchKit
0x0000000009171000 	/System/Library/Frameworks/CoreServices.framework/Versions/A/Frameworks/AE.framework/Versions/A/AE
0x0000000009171000 	/System/Library/Frameworks/CoreServices.framework/Versions/A/Frameworks/LaunchServices.framework/Versions/A/LaunchServices
0x0000000009171000 	/System/Library/Frameworks/CoreServices.framework/Versions/A/Frameworks/DictionaryServices.framework/Versions/A/DictionaryServices
0x0000000009171000 	/System/Library/Frameworks/NetFS.framework/Versions/A/NetFS
0x0000000009171000 	/System/Library/PrivateFrameworks/NetAuth.framework/Versions/A/NetAuth
0x0000000009171000 	/System/Library/PrivateFrameworks/login.framework/Versions/A/Frameworks/loginsupport.framework/Versions/A/loginsupport
0x0000000009171000 	/System/Library/PrivateFrameworks/TCC.framework/Versions/A/TCC
0x0000000009171000 	/usr/lib/libmecabra.dylib
0x0000000009171000 	/System/Library/Frameworks/ApplicationServices.framework/Versions/A/Frameworks/ATS.framework/Versions/A/ATS
0x0000000009171000 	/System/Library/Frameworks/ApplicationServices.framework/Versions/A/Frameworks/ColorSync.framework/Versions/A/ColorSync
0x0000000009171000 	/System/Library/Frameworks/ApplicationServices.framework/Versions/A/Frameworks/HIServices.framework/Versions/A/HIServices
0x0000000009171000 	/System/Library/Frameworks/ApplicationServices.framework/Versions/A/Frameworks/LangAnalysis.framework/Versions/A/LangAnalysis
0x0000000009171000 	/System/Library/Frameworks/ApplicationServices.framework/Versions/A/Frameworks/PrintCore.framework/Versions/A/PrintCore
0x0000000009171000 	/System/Library/Frameworks/ApplicationServices.framework/Versions/A/Frameworks/QD.framework/Versions/A/QD
0x0000000009171000 	/System/Library/Frameworks/ApplicationServices.framework/Versions/A/Frameworks/SpeechSynthesis.framework/Versions/A/SpeechSynthesis
0x0000000009171000 	/System/Library/Frameworks/Accelerate.framework/Versions/A/Accelerate
0x0000000009171000 	/System/Library/Frameworks/Accelerate.framework/Versions/A/Frameworks/vImage.framework/Versions/A/vImage
0x0000000009171000 	/System/Library/Frameworks/Accelerate.framework/Versions/A/Frameworks/vecLib.framework/Versions/A/vecLib
0x0000000009171000 	/System/Library/Frameworks/Accelerate.framework/Versions/A/Frameworks/vecLib.framework/Versions/A/libvDSP.dylib
0x0000000009171000 	/System/Library/Frameworks/Accelerate.framework/Versions/A/Frameworks/vecLib.framework/Versions/A/libvMisc.dylib
0x0000000009171000 	/System/Library/Frameworks/Accelerate.framework/Versions/A/Frameworks/vecLib.framework/Versions/A/libLAPACK.dylib
0x0000000009171000 	/System/Library/Frameworks/Accelerate.framework/Versions/A/Frameworks/vecLib.framework/Versions/A/libBLAS.dylib
0x0000000009171000 	/System/Library/Frameworks/Accelerate.framework/Versions/A/Frameworks/vecLib.framework/Versions/A/libLinearAlgebra.dylib
0x0000000009171000 	/System/Library/Frameworks/ApplicationServices.framework/Versions/A/Frameworks/ATS.framework/Versions/A/Resources/libFontParser.dylib
0x0000000009171000 	/System/Library/Frameworks/ApplicationServices.framework/Versions/A/Frameworks/ATS.framework/Versions/A/Resources/libFontRegistry.dylib
0x0000000009171000 	/System/Library/PrivateFrameworks/AppleVPA.framework/Versions/A/AppleVPA
0x0000000009171000 	/System/Library/PrivateFrameworks/AppleJPEG.framework/Versions/A/AppleJPEG
0x0000000009171000 	/System/Library/Frameworks/ImageIO.framework/Versions/A/Resources/libJPEG.dylib
0x0000000009171000 	/System/Library/Frameworks/ImageIO.framework/Versions/A/Resources/libTIFF.dylib
0x0000000009171000 	/System/Library/Frameworks/ImageIO.framework/Versions/A/Resources/libPng.dylib
0x0000000009171000 	/System/Library/Frameworks/ImageIO.framework/Versions/A/Resources/libGIF.dylib
0x0000000009171000 	/System/Library/Frameworks/ImageIO.framework/Versions/A/Resources/libJP2.dylib
0x0000000009171000 	/System/Library/Frameworks/ImageIO.framework/Versions/A/Resources/libRadiance.dylib
0x0000000009171000 	/System/Library/Frameworks/CoreVideo.framework/Versions/A/CoreVideo
0x0000000009171000 	/System/Library/Frameworks/OpenGL.framework/Versions/A/Libraries/libGLU.dylib
0x0000000009171000 	/System/Library/Frameworks/OpenGL.framework/Versions/A/Libraries/libGFXShared.dylib
0x0000000009171000 	/System/Library/Frameworks/OpenGL.framework/Versions/A/Libraries/libGL.dylib
0x0000000009171000 	/System/Library/Frameworks/OpenGL.framework/Versions/A/Libraries/libGLImage.dylib
0x0000000009171000 	/System/Library/Frameworks/OpenGL.framework/Versions/A/Libraries/libCVMSPluginSupport.dylib
0x0000000009171000 	/System/Library/Frameworks/OpenGL.framework/Versions/A/Libraries/libCoreVMClient.dylib
0x0000000009171000 	/usr/lib/libcups.2.dylib
0x0000000009171000 	/System/Library/Frameworks/Kerberos.framework/Versions/A/Kerberos
0x0000000009171000 	/System/Library/Frameworks/GSS.framework/Versions/A/GSS
0x0000000009171000 	/usr/lib/libresolv.9.dylib
0x0000000009171000 	/usr/lib/libiconv.2.dylib
0x0000000009171000 	/System/Library/PrivateFrameworks/Heimdal.framework/Versions/A/Heimdal
0x0000000009171000 	/usr/lib/libheimdal-asn1.dylib
0x0000000009171000 	/System/Library/Frameworks/OpenDirectory.framework/Versions/A/OpenDirectory
0x0000000009171000 	/System/Library/PrivateFrameworks/CommonAuth.framework/Versions/A/CommonAuth
0x0000000009171000 	/System/Library/Frameworks/OpenDirectory.framework/Versions/A/Frameworks/CFOpenDirectory.framework/Versions/A/CFOpenDirectory
0x0000000009171000 	/System/Library/Frameworks/SecurityFoundation.framework/Versions/A/SecurityFoundation
0x0000000009171000 	/System/Library/PrivateFrameworks/LanguageModeling.framework/Versions/A/LanguageModeling
0x0000000009171000 	/usr/lib/libcmph.dylib
0x0000000009171000 	/System/Library/Frameworks/ServiceManagement.framework/Versions/A/ServiceManagement
0x0000000009171000 	/usr/lib/libxslt.1.dylib
0x0000000009171000 	/System/Library/Frameworks/Carbon.framework/Versions/A/Frameworks/Ink.framework/Versions/A/Ink
0x0000000009171000 	/System/Library/Frameworks/QuartzCore.framework/Versions/A/Frameworks/CoreImage.framework/Versions/A/CoreImage
0x0000000009171000 	/System/Library/PrivateFrameworks/CrashReporterSupport.framework/Versions/A/CrashReporterSupport
0x0000000009171000 	/System/Library/Frameworks/OpenCL.framework/Versions/A/OpenCL
0x0000000009171000 	/System/Library/PrivateFrameworks/FaceCore.framework/Versions/A/FaceCore
0x0000000009171000 	/System/Library/PrivateFrameworks/Ubiquity.framework/Versions/A/Ubiquity
0x0000000009171000 	/System/Library/PrivateFrameworks/IconServices.framework/Versions/A/IconServices
0x0000000009171000 	/System/Library/PrivateFrameworks/ChunkingLibrary.framework/Versions/A/ChunkingLibrary
0x0000000009171000 	/System/Library/PrivateFrameworks/Apple80211.framework/Versions/A/Apple80211
0x0000000009171000 	/System/Library/Frameworks/CoreWLAN.framework/Versions/A/CoreWLAN
0x0000000009171000 	/System/Library/Frameworks/IOBluetooth.framework/Versions/A/IOBluetooth
0x0000000009171000 	/System/Library/PrivateFrameworks/CoreWiFi.framework/Versions/A/CoreWiFi
0x0000000009171000 	/System/Library/Frameworks/CoreBluetooth.framework/Versions/A/CoreBluetooth
0x0000000009171000 	/System/Library/PrivateFrameworks/DebugSymbols.framework/Versions/A/DebugSymbols
0x0000000009171000 	/System/Library/PrivateFrameworks/CoreSymbolication.framework/Versions/A/CoreSymbolication
0x0000000009171000 	/System/Library/PrivateFrameworks/Symbolication.framework/Versions/A/Symbolication
0x0000000009171000 	/System/Library/PrivateFrameworks/SpeechRecognitionCore.framework/Versions/A/SpeechRecognitionCore
0x0000000105a13000 	/Library/Java/JavaVirtualMachines/jdk1.8.0_60.jdk/Contents/Home/jre/lib/server/libjvm.dylib
0x0000000009171000 	/usr/lib/libstdc++.6.dylib
0x0000000106a9f000 	/Library/Java/JavaVirtualMachines/jdk1.8.0_60.jdk/Contents/Home/jre/lib/libverify.dylib
0x0000000106aad000 	/Library/Java/JavaVirtualMachines/jdk1.8.0_60.jdk/Contents/Home/jre/lib/libjava.dylib
0x0000000106aea000 	/Library/Java/JavaVirtualMachines/jdk1.8.0_60.jdk/Contents/Home/jre/lib/libzip.dylib
0x000000011cb6a000 	/System/Library/Frameworks/JavaVM.framework/Frameworks/JavaRuntimeSupport.framework/JavaRuntimeSupport
0x000000011cb80000 	/System/Library/Frameworks/JavaVM.framework/Versions/A/Frameworks/JavaNativeFoundation.framework/Versions/A/JavaNativeFoundation
0x000000011cb94000 	/System/Library/Frameworks/JavaVM.framework/Versions/A/JavaVM
0x0000000009171000 	/System/Library/Frameworks/Carbon.framework/Versions/A/Carbon
0x000000011cba0000 	/System/Library/PrivateFrameworks/JavaLaunching.framework/Versions/A/JavaLaunching
0x0000000009171000 	/System/Library/Frameworks/Carbon.framework/Versions/A/Frameworks/CommonPanels.framework/Versions/A/CommonPanels
0x0000000009171000 	/System/Library/Frameworks/Carbon.framework/Versions/A/Frameworks/Help.framework/Versions/A/Help
0x0000000009171000 	/System/Library/Frameworks/Carbon.framework/Versions/A/Frameworks/ImageCapture.framework/Versions/A/ImageCapture
0x0000000009171000 	/System/Library/Frameworks/Carbon.framework/Versions/A/Frameworks/OpenScripting.framework/Versions/A/OpenScripting
0x0000000009171000 	/System/Library/Frameworks/Carbon.framework/Versions/A/Frameworks/Print.framework/Versions/A/Print
0x0000000009171000 	/System/Library/Frameworks/Carbon.framework/Versions/A/Frameworks/SecurityHI.framework/Versions/A/SecurityHI
0x000000011ebf9000 	/Applications/IntelliJ IDEA 14.app/Contents/bin/libbreakgen64.jnilib
0x000000011ecff000 	/Library/Java/JavaVirtualMachines/jdk1.8.0_60.jdk/Contents/Home/jre/lib/libnet.dylib
0x000000011ed5e000 	/private/var/folders/xt/zkx3frns6vb7tf1h39wk6l4r0000gp/T/libgdxcadet/d8ae55ed/libgdx64.dylib
0x000000011eda7000 	/Library/Java/JavaVirtualMachines/jdk1.8.0_60.jdk/Contents/Home/jre/lib/libawt.dylib
0x000000011ee4f000 	/Library/Java/JavaVirtualMachines/jdk1.8.0_60.jdk/Contents/Home/jre/lib/./libmlib_image.dylib
0x000000011ef1b000 	/Library/Java/JavaVirtualMachines/jdk1.8.0_60.jdk/Contents/Home/jre/lib/libawt_lwawt.dylib
0x000000011efd0000 	/Library/Java/JavaVirtualMachines/jdk1.8.0_60.jdk/Contents/Home/jre/lib/./libosxapp.dylib
0x0000000009171000 	/System/Library/Frameworks/ExceptionHandling.framework/Versions/A/ExceptionHandling
0x0000000009171000 	/System/Library/PrivateFrameworks/CoreServicesInternal.framework/Versions/A/CoreServicesInternal
0x0000000009171000 	/System/Library/PrivateFrameworks/CloudDocs.framework/Versions/A/CloudDocs
0x0000000009171000 	/System/Library/PrivateFrameworks/CoreDuet.framework/Versions/A/CoreDuet
0x0000000009171000 	/System/Library/Frameworks/CloudKit.framework/Versions/A/CloudKit
0x0000000009171000 	/System/Library/PrivateFrameworks/ProtocolBuffer.framework/Versions/A/ProtocolBuffer
0x0000000009171000 	/System/Library/PrivateFrameworks/CoreDuetDaemonProtocol.framework/Versions/A/CoreDuetDaemonProtocol
0x0000000009171000 	/System/Library/PrivateFrameworks/CoreDuetDebugLogging.framework/Versions/A/CoreDuetDebugLogging
0x0000000009171000 	/System/Library/PrivateFrameworks/MMCS.framework/Versions/A/MMCS
0x0000000009171000 	/System/Library/Frameworks/CoreLocation.framework/Versions/A/CoreLocation
0x0000000009171000 	/System/Library/PrivateFrameworks/ProtectedCloudStorage.framework/Versions/A/ProtectedCloudStorage
0x0000000009171000 	/System/Library/PrivateFrameworks/GeoServices.framework/Versions/A/GeoServices
0x0000000009171000 	/System/Library/Frameworks/CoreGraphics.framework/Versions/A/Resources/libCGCMS.A.dylib
0x0000000009171000 	/System/Library/Frameworks/CoreGraphics.framework/Versions/A/Resources/libRIP.A.dylib
0x0000000009171000 	/System/Library/Frameworks/CoreGraphics.framework/Versions/A/Resources/libCGXType.A.dylib
0x0000000009171000 	/System/Library/Frameworks/OpenCL.framework/Versions/A/Libraries/libcldcpuengine.dylib
0x0000000009171000 	/System/Library/PrivateFrameworks/DiskImages.framework/Versions/A/DiskImages
0x0000000009171000 	/System/Library/Frameworks/DiscRecording.framework/Versions/A/DiscRecording
0x0000000009171000 	/usr/lib/libcsfde.dylib
0x0000000009171000 	/usr/lib/libcurl.4.dylib
0x0000000009171000 	/System/Library/PrivateFrameworks/MediaKit.framework/Versions/A/MediaKit
0x0000000009171000 	/usr/lib/libCoreStorage.dylib
0x0000000009171000 	/System/Library/PrivateFrameworks/EFILogin.framework/Versions/A/EFILogin
0x0000000009171000 	/usr/lib/libutil.dylib
0x0000000009171000 	/System/Library/PrivateFrameworks/FindMyDevice.framework/Versions/A/FindMyDevice
0x0000000009171000 	/System/Library/Frameworks/LDAP.framework/Versions/A/LDAP
0x0000000009171000 	/usr/lib/libsasl2.2.dylib
0x0000000009171000 	/System/Library/PrivateFrameworks/CoreDaemon.framework/Versions/B/CoreDaemon
0x0000000009171000 	/usr/lib/libcrypto.0.9.8.dylib
0x0000000009171000 	/System/Library/PrivateFrameworks/AppleSRP.framework/Versions/A/AppleSRP
0x0000000009171000 	/System/Library/PrivateFrameworks/TrustEvaluationAgent.framework/Versions/A/TrustEvaluationAgent
0x0000000121d7d000 	cl_kernels
0x0000000121d7f000 	/System/Library/Frameworks/OpenCL.framework/Versions/A/Libraries/ImageFormats/unorm8_bgra.dylib
0x0000000121d6e000 	cl_kernels
0x0000000009171000 	/System/Library/PrivateFrameworks/FamilyControls.framework/Versions/A/FamilyControls
0x0000000009171000 	/System/Library/PrivateFrameworks/CommerceKit.framework/Versions/A/Frameworks/CommerceCore.framework/Versions/A/CommerceCore
0x0000000009171000 	/System/Library/PrivateFrameworks/SystemAdministration.framework/Versions/A/SystemAdministration
0x0000000009171000 	/System/Library/PrivateFrameworks/AppContainer.framework/Versions/A/AppContainer
0x0000000009171000 	/System/Library/PrivateFrameworks/SecCodeWrapper.framework/Versions/A/SecCodeWrapper
0x0000000009171000 	/System/Library/Frameworks/DirectoryService.framework/Versions/A/DirectoryService
0x0000000009171000 	/System/Library/PrivateFrameworks/LoginUIKit.framework/Versions/A/Frameworks/LoginUICore.framework/Versions/A/LoginUICore
0x0000000009171000 	/usr/lib/libodfde.dylib
0x0000000122f7a000 	/Library/Java/JavaVirtualMachines/jdk1.8.0_60.jdk/Contents/Home/jre/lib/libfontmanager.dylib
0x0000000122fe1000 	/private/var/folders/xt/zkx3frns6vb7tf1h39wk6l4r0000gp/T/libgdxcadet/f7649394/liblwjgl.dylib
0x00000001212a6000 	/Library/Java/JavaVirtualMachines/jdk1.8.0_60.jdk/Contents/Home/jre/lib/libjawt.dylib
0x0000000123063000 	/var/folders/xt/zkx3frns6vb7tf1h39wk6l4r0000gp/T/libgdxcadet/f7649394/openal.dylib
0x00000001230d2000 	/System/Library/Components/CoreAudio.component/Contents/MacOS/CoreAudio
0x00000001212be000 	/System/Library/Extensions/AppleHDA.kext/Contents/PlugIns/AppleHDAHALPlugIn.bundle/Contents/MacOS/AppleHDAHALPlugIn
0x0000000009171000 	/System/Library/Frameworks/OpenGL.framework/Versions/A/Resources/GLEngine.bundle/GLEngine
0x0000000009171000 	/System/Library/Frameworks/OpenGL.framework/Versions/A/Libraries/libGLProgrammability.dylib
0x00000001236cf000 	/System/Library/Extensions/AppleIntelHD5000GraphicsGLDriver.bundle/Contents/MacOS/AppleIntelHD5000GraphicsGLDriver
0x0000000009171000 	/System/Library/PrivateFrameworks/IOAccelerator.framework/Versions/A/IOAccelerator
0x0000000009171000 	/System/Library/PrivateFrameworks/GPUSupport.framework/Versions/A/Libraries/libGPUSupportMercury.dylib
0x0000000009171000 	/System/Library/Frameworks/OpenGL.framework/Versions/A/Resources/GLRendererFloat.bundle/GLRendererFloat
0x000000012456f000 	/private/var/folders/xt/zkx3frns6vb7tf1h39wk6l4r0000gp/T/libgdxcadet/98230727/libgdx-box2d64.dylib

VM Arguments:
jvm_args: -Didea.launcher.port=7542 -Didea.launcher.bin.path=/Applications/IntelliJ IDEA 14.app/Contents/bin -Dfile.encoding=UTF-8 
java_command: com.intellij.rt.execution.application.AppMain com.hackaton.kissmyassfault.desktop.DesktopLauncher
java_class_path (initial): /Library/Java/JavaVirtualMachines/jdk1.8.0_60.jdk/Contents/Home/lib/ant-javafx.jar:/Library/Java/JavaVirtualMachines/jdk1.8.0_60.jdk/Contents/Home/lib/dt.jar:/Library/Java/JavaVirtualMachines/jdk1.8.0_60.jdk/Contents/Home/lib/javafx-mx.jar:/Library/Java/JavaVirtualMachines/jdk1.8.0_60.jdk/Contents/Home/lib/jconsole.jar:/Library/Java/JavaVirtualMachines/jdk1.8.0_60.jdk/Contents/Home/lib/packager.jar:/Library/Java/JavaVirtualMachines/jdk1.8.0_60.jdk/Contents/Home/lib/sa-jdi.jar:/Library/Java/JavaVirtualMachines/jdk1.8.0_60.jdk/Contents/Home/lib/tools.jar:/Library/Java/JavaVirtualMachines/jdk1.8.0_60.jdk/Contents/Home/jre/lib/charsets.jar:/Library/Java/JavaVirtualMachines/jdk1.8.0_60.jdk/Contents/Home/jre/lib/deploy.jar:/Library/Java/JavaVirtualMachines/jdk1.8.0_60.jdk/Contents/Home/jre/lib/javaws.jar:/Library/Java/JavaVirtualMachines/jdk1.8.0_60.jdk/Contents/Home/jre/lib/jce.jar:/Library/Java/JavaVirtualMachines/jdk1.8.0_60.jdk/Contents/Home/jre/lib/jfr.jar:/Library/Java/JavaVirtualMachines/jdk1.8.0_60.jdk/Contents/Home/jre/lib/jfxswt.jar:/Library/Java/JavaVirtualMachines/jdk1.8.0_60.jdk/Contents/Home/jre/lib/jsse.jar:/Library/Java/JavaVirtualMachines/jdk1.8.0_60.jdk/Contents/Home/jre/lib/management-agent.jar:/Library/Java/JavaVirtualMachines/jdk1.8.0_60.jdk/Contents/Home/jre/lib/plugin.jar:/Library/Java/JavaVirtualMachines/jdk1.8.0_60.jdk/Contents/Home/jre/lib/resources.jar:/Library/Java/JavaVirtualMachines/jdk1.8.0_60.jdk/Contents/Home/jre/lib/rt.jar:/Library/Java/JavaVirtualMachines/jdk1.8.0_60.jdk/Contents/Home/jre/lib/ext/cldrdata.jar:/Library/Java/JavaVirtualMachines/jdk1.8.0_60.jdk/Contents/Home/jre/lib/ext/dnsns.jar:/Library/Java/JavaVirtualMachines/jdk1.8.0_60.jdk/Contents/Home/jre/lib/ext/jaccess.jar:/Library/Java/JavaVirtualMachines/jdk1.8.0_60.jdk/Contents/Home/jre/lib/ext/jfxrt.jar:/Library/Java/JavaVirtualMachines/jdk1.8.0_60.jdk/Contents/Home/jre/lib/ext/localedata.jar:/Library/Java/JavaVirtualMachines/jdk1.8.0_60.jdk/Conten
Launcher Type: SUN_STANDARD

Environment Variables:
PATH=/usr/local/bin:/usr/bin:/bin:/usr/sbin:/sbin:/opt/X11/bin
SHELL=/bin/bash
DISPLAY=/private/tmp/com.apple.launchd.oE3Ni9rlhR/org.macosforge.xquartz:0

Signal Handlers:
SIGSEGV: [libjvm.dylib+0x5a6d31], sa_mask[0]=11111111011111110111111111111111, sa_flags=SA_ONSTACK|SA_RESTART|SA_SIGINFO
SIGBUS: [libjvm.dylib+0x5a6d31], sa_mask[0]=11111111011111110111111111111111, sa_flags=SA_RESTART|SA_SIGINFO
SIGFPE: [libjvm.dylib+0x480a4c], sa_mask[0]=11111111011111110111111111111111, sa_flags=SA_RESTART|SA_SIGINFO
SIGPIPE: [libjvm.dylib+0x480a4c], sa_mask[0]=11111111011111110111111111111111, sa_flags=SA_RESTART|SA_SIGINFO
SIGXFSZ: [libjvm.dylib+0x480a4c], sa_mask[0]=11111111011111110111111111111111, sa_flags=SA_RESTART|SA_SIGINFO
SIGILL: [libjvm.dylib+0x480a4c], sa_mask[0]=11111111011111110111111111111111, sa_flags=SA_RESTART|SA_SIGINFO
SIGUSR1: SIG_DFL, sa_mask[0]=00000000000000000000000000000000, sa_flags=none
SIGUSR2: [libjvm.dylib+0x48056a], sa_mask[0]=00100000000000000000000000000000, sa_flags=SA_RESTART|SA_SIGINFO
SIGHUP: [libjvm.dylib+0x47eb41], sa_mask[0]=11111111011111110111111111111111, sa_flags=SA_RESTART|SA_SIGINFO
SIGINT: [libjvm.dylib+0x47eb41], sa_mask[0]=11111111011111110111111111111111, sa_flags=SA_RESTART|SA_SIGINFO
SIGTERM: [libjvm.dylib+0x47eb41], sa_mask[0]=11111111011111110111111111111111, sa_flags=SA_RESTART|SA_SIGINFO
SIGQUIT: [libjvm.dylib+0x47eb41], sa_mask[0]=11111111011111110111111111111111, sa_flags=SA_RESTART|SA_SIGINFO


---------------  S Y S T E M  ---------------

OS:Bsduname:Darwin 14.5.0 Darwin Kernel Version 14.5.0: Wed Jul 29 02:26:53 PDT 2015; root:xnu-2782.40.9~1/RELEASE_X86_64 x86_64
rlimit: STACK 8192k, CORE 0k, NPROC 709, NOFILE 10240, AS infinity
load average:2.60 3.12 2.96

CPU:total 4 (2 cores per cpu, 2 threads per core) family 6 model 69 stepping 1, cmov, cx8, fxsr, mmx, sse, sse2, sse3, ssse3, sse4.1, sse4.2, popcnt, avx, avx2, aes, clmul, erms, lzcnt, ht, tsc, tscinvbit, bmi1, bmi2

Memory: 4k page, physical 8388608k(110976k free)

/proc/meminfo:


vm_info: Java HotSpot(TM) 64-Bit Server VM (25.60-b23) for bsd-amd64 JRE (1.8.0_60-b27), built on Aug  4 2015 10:47:24 by "java_re" with gcc 4.2.1 (Based on Apple Inc. build 5658) (LLVM build 2336.11.00)

time: Sat Oct 31 10:09:57 2015
elapsed time: 38 seconds (0d 0h 0m 38s)

